#
# There is insufficient memory for the Java Runtime Environment to continue.
# Native memory allocation (mmap) failed to map 167772160 bytes for Failed to commit area from 0x0000000761400000 to 0x000000076b400000 of length 167772160.
# Possible reasons:
#   The system is out of physical RAM or swap space
#   The process is running with CompressedOops enabled, and the Java Heap may be blocking the growth of the native heap
# Possible solutions:
#   Reduce memory load on the system
#   Increase physical memory or swap space
#   Check if swap backing store is full
#   Decrease Java heap size (-Xmx/-Xms)
#   Decrease number of Java threads
#   Decrease Java thread stack sizes (-Xss)
#   Set larger code cache with -XX:ReservedCodeCacheSize=
#   JVM is running with Zero Based Compressed Oops mode in which the Java heap is
#     placed in the first 32GB address space. The Java Heap base address is the
#     maximum limit for the native heap growth. Please use -XX:HeapBaseMinAddress
#     to set the Java Heap base and to place the Java Heap above 32GB virtual address.
# This output file may be truncated or incomplete.
#
#  Out of Memory Error (./open/src/hotspot/os/windows/os_windows.cpp:3315), pid=14136, tid=19944
#
# JRE version:  (14.0.1+7) (build )
# Java VM: Java HotSpot(TM) 64-Bit Server VM (14.0.1+7, mixed mode, sharing, tiered, compressed oops, g1 gc, windows-amd64)
# No core dump will be written. Minidumps are not enabled by default on client versions of Windows
#

---------------  S U M M A R Y ------------

Command Line: -Dfile.encoding=Cp1252 ShowPDFReadResult

Host: AMD Ryzen 5 3500U with Radeon Vega Mobile Gfx  , 8 cores, 9G,  Windows 10 , 64 bit Build 19041 (10.0.19041.1889)
Time: Sun Nov 20 10:04:35 2022 Eastern Standard Time elapsed time: 0 seconds (0d 0h 0m 0s)

---------------  T H R E A D  ---------------

Current thread (0x0000019e6f182800):  JavaThread "Unknown thread" [_thread_in_vm, id=19944, stack(0x000000030be00000,0x000000030bf00000)]

Stack: [0x000000030be00000,0x000000030bf00000]
Native frames: (J=compiled Java code, j=interpreted, Vv=VM code, C=native code)
V  [jvm.dll+0x5f840a]
V  [jvm.dll+0x741e4a]
V  [jvm.dll+0x7435ff]
V  [jvm.dll+0x743c43]
V  [jvm.dll+0x20d288]
V  [jvm.dll+0x5f57ba]
V  [jvm.dll+0x5ea615]
V  [jvm.dll+0x2c7e9c]
V  [jvm.dll+0x2c7cd2]
V  [jvm.dll+0x2cdbbc]
V  [jvm.dll+0x313ff8]
V  [jvm.dll+0x313720]
V  [jvm.dll+0x2a092a]
V  [jvm.dll+0x2a1a79]
V  [jvm.dll+0x71f718]
V  [jvm.dll+0x321c44]
V  [jvm.dll+0x700b0c]
V  [jvm.dll+0x392dff]
V  [jvm.dll+0x394e71]
C  [jli.dll+0x523b]
C  [ucrtbase.dll+0x21bb2]
C  [KERNEL32.DLL+0x17034]
C  [ntdll.dll+0x526a1]


---------------  P R O C E S S  ---------------

Threads class SMR info:
_java_thread_list=0x00007ffcd0d43078, length=0, elements={
}

Java Threads: ( => current thread )

Other Threads:
  0x0000019e6f1d1000 GCTaskThread "GC Thread#0" [stack: 0x000000030bf00000,0x000000030c000000] [id=19948]
  0x0000019e6f1ea000 ConcurrentGCThread "G1 Main Marker" [stack: 0x000000030c000000,0x000000030c100000] [id=19952]
  0x0000019e6f1eb000 ConcurrentGCThread "G1 Conc#0" [stack: 0x000000030c100000,0x000000030c200000] [id=19956]

[error occurred during error reporting (printing all threads), id 0xc0000005, EXCEPTION_ACCESS_VIOLATION (0xc0000005) at pc=0x00007ffcd0571257]

VM state:not at safepoint (not fully initialized)

VM Mutex/Monitor currently owned by a thread:  ([mutex/lock_event])
[0x0000019e6f17ff20] Heap_lock - owner thread: 0x0000019e6f182800

Heap address: 0x0000000761400000, size: 2540 MB, Compressed Oops mode: Zero based, Oop shift amount: 3
Narrow klass base: 0x0000000000000000, Narrow klass shift: 0

GC Heap History (0 events):
No events

Deoptimization events (0 events):
No events

Classes unloaded (0 events):
No events

Classes redefined (0 events):
No events

Internal exceptions (0 events):
No events

Events (2 events):
Event: 0.013 Loaded shared library C:\Program Files\Java\jdk-14.0.1\bin\java.dll
Event: 0.014 Loaded shared library C:\Program Files\Java\jdk-14.0.1\bin\zip.dll


Dynamic libraries:
0x00007ff75c800000 - 0x00007ff75c80f000 	C:\Program Files\Java\jdk-14.0.1\bin\javaw.exe
0x00007ffd1bf50000 - 0x00007ffd1c148000 	C:\WINDOWS\SYSTEM32\ntdll.dll
0x00007ffd1bd40000 - 0x00007ffd1bdfd000 	C:\WINDOWS\System32\KERNEL32.DLL
0x00007ffd19a10000 - 0x00007ffd19ce2000 	C:\WINDOWS\System32\KERNELBASE.dll
0x00007ffd19700000 - 0x00007ffd19800000 	C:\WINDOWS\System32\ucrtbase.dll
0x00007ffcf4e10000 - 0x00007ffcf4e25000 	C:\Program Files\Java\jdk-14.0.1\bin\VCRUNTIME140.dll
0x00007ffcf4d60000 - 0x00007ffcf4d78000 	C:\Program Files\Java\jdk-14.0.1\bin\jli.dll
0x00007ffd1aaf0000 - 0x00007ffd1ab9e000 	C:\WINDOWS\System32\ADVAPI32.dll
0x00007ffd1b8a0000 - 0x00007ffd1b93e000 	C:\WINDOWS\System32\msvcrt.dll
0x00007ffd1a870000 - 0x00007ffd1a90c000 	C:\WINDOWS\System32\sechost.dll
0x00007ffd1a550000 - 0x00007ffd1a675000 	C:\WINDOWS\System32\RPCRT4.dll
0x00007ffd1bba0000 - 0x00007ffd1bd3d000 	C:\WINDOWS\System32\USER32.dll
0x00007ffd19800000 - 0x00007ffd19822000 	C:\WINDOWS\System32\win32u.dll
0x00007ffd1a520000 - 0x00007ffd1a54b000 	C:\WINDOWS\System32\GDI32.dll
0x00007ffd19ea0000 - 0x00007ffd19faf000 	C:\WINDOWS\System32\gdi32full.dll
0x00007ffd19660000 - 0x00007ffd196fd000 	C:\WINDOWS\System32\msvcp_win.dll
0x00007ffd00850000 - 0x00007ffd00aea000 	C:\WINDOWS\WinSxS\amd64_microsoft.windows.common-controls_6595b64144ccf1df_6.0.19041.1110_none_60b5254171f9507e\COMCTL32.dll
0x00007ffd11890000 - 0x00007ffd1189a000 	C:\WINDOWS\SYSTEM32\VERSION.dll
0x00007ffd1be00000 - 0x00007ffd1be30000 	C:\WINDOWS\System32\IMM32.DLL
0x00007ffcef320000 - 0x00007ffcef3bb000 	C:\Program Files\Java\jdk-14.0.1\bin\msvcp140.dll
0x00007ffcd02c0000 - 0x00007ffcd0dde000 	C:\Program Files\Java\jdk-14.0.1\bin\server\jvm.dll
0x00007ffd1bb30000 - 0x00007ffd1bb38000 	C:\WINDOWS\System32\PSAPI.DLL
0x00007ffd0e2c0000 - 0x00007ffd0e2e7000 	C:\WINDOWS\SYSTEM32\WINMM.dll
0x00007ffd030a0000 - 0x00007ffd030a9000 	C:\WINDOWS\SYSTEM32\WSOCK32.dll
0x00007ffd1b3b0000 - 0x00007ffd1b41b000 	C:\WINDOWS\System32\WS2_32.dll
0x00007ffd17520000 - 0x00007ffd17532000 	C:\WINDOWS\SYSTEM32\kernel.appcore.dll
0x00007ffd02cb0000 - 0x00007ffd02cba000 	C:\Program Files\Java\jdk-14.0.1\bin\jimage.dll
0x00007ffd06fa0000 - 0x00007ffd07184000 	C:\WINDOWS\SYSTEM32\DBGHELP.DLL
0x00007ffd07cf0000 - 0x00007ffd07d1c000 	C:\WINDOWS\SYSTEM32\dbgcore.DLL
0x00007ffd19d60000 - 0x00007ffd19de2000 	C:\WINDOWS\System32\bcryptPrimitives.dll
0x00007ffcfdde0000 - 0x00007ffcfde05000 	C:\Program Files\Java\jdk-14.0.1\bin\java.dll
0x00007ffcfd910000 - 0x00007ffcfd926000 	C:\Program Files\Java\jdk-14.0.1\bin\zip.dll

dbghelp: loaded successfully - version: 4.0.5 - missing functions: none
symbol engine: initialized successfully - sym options: 0x614 - pdb path: .;C:\Program Files\Java\jdk-14.0.1\bin;C:\WINDOWS\SYSTEM32;C:\WINDOWS\WinSxS\amd64_microsoft.windows.common-controls_6595b64144ccf1df_6.0.19041.1110_none_60b5254171f9507e;C:\Program Files\Java\jdk-14.0.1\bin\server

VM Arguments:
jvm_args: -Dfile.encoding=Cp1252 
java_command: ShowPDFReadResult
java_class_path (initial): C:\Users\Greg Mazo\git\QuickFigures\PDFBoxImporterDevelopment\bin;C:\Users\Greg Mazo\git\QuickFigures\DataPlotting\bin;C:\Users\Greg Mazo\Documents\Java\Packages\commons-math3-3.4.1\commons-math3-3.4.1.jar;C:\Users\Greg Mazo\Documents\Java\Packages\commons-math3-3.4.1\commons-math3-3.4.1-javadoc.jar;C:\Users\Greg Mazo\git\QuickFigures\QuickFigures\bin;C:\Users\Greg Mazo\Documents\Java\Packages\Nov 26 2021 downloads\batik-bin-1.14\batik-1.14\lib\batik-shared-resources-1.14.jar;C:\Users\Greg Mazo\Documents\Java\Packages\Nov 26 2021 downloads\batik-bin-1.14\batik-1.14\lib\batik-svgrasterizer-1.14.jar;C:\Users\Greg Mazo\Documents\Java\Packages\Nov 26 2021 downloads\batik-bin-1.14\batik-1.14\lib\batik-parser-1.14.jar;C:\Users\Greg Mazo\Documents\Java\Packages\Nov 26 2021 downloads\batik-bin-1.14\batik-1.14\lib\batik-awt-util-1.14.jar;C:\Users\Greg Mazo\Documents\Java\Packages\Nov 26 2021 downloads\batik-bin-1.14\batik-1.14\lib\xmlgraphics-commons-2.6.jar;C:\Users\Greg Mazo\Documents\Java\Packages\Nov 26 2021 downloads\batik-bin-1.14\batik-1.14\lib\batik-xml-1.14.jar;C:\Users\Greg Mazo\Documents\Java\Packages\Nov 26 2021 downloads\batik-bin-1.14\batik-1.14\lib\xml-apis-ext-1.3.04.jar;C:\Users\Greg Mazo\Documents\Java\Packages\Nov 26 2021 downloads\batik-bin-1.14\batik-1.14\lib\batik-transcoder-1.14.jar;C:\Users\Greg Mazo\Documents\Java\Packages\Nov 26 2021 downloads\batik-bin-1.14\batik-1.14\lib\batik-anim-1.14.jar;C:\Users\Greg Mazo\Documents\Java\Packages\Nov 26 2021 downloads\batik-bin-1.14\batik-1.14\lib\batik-css-1.14.jar;C:\Users\Greg Mazo\Documents\Java\Packages\Nov 26 2021 downloads\batik-bin-1.14\batik-1.14\lib\batik-ext-1.14.jar;C:\Users\Greg Mazo\Documents\Java\Packages\Nov 26 2021 downloads\batik-bin-1.14\batik-1.14\lib\batik-svg-dom-1.14.jar;C:\Users\Greg Mazo\Documents\Java\Packages\Nov 26 2021 downloads\batik-bin-1.14\batik-1.14\lib\batik-bridge-1.14.jar;C:\Users\Greg Mazo\Documents\Java\Packages\Nov 26 2021 downloads\batik-bin-
Launcher Type: SUN_STANDARD

[Global flags]
     intx CICompilerCount                          = 4                                         {product} {ergonomic}
     uint ConcGCThreads                            = 2                                         {product} {ergonomic}
     uint G1ConcRefinementThreads                  = 8                                         {product} {ergonomic}
   size_t G1HeapRegionSize                         = 1048576                                   {product} {ergonomic}
    uintx GCDrainStackTargetSize                   = 64                                        {product} {ergonomic}
   size_t InitialHeapSize                          = 167772160                                 {product} {ergonomic}
   size_t MarkStackSize                            = 4194304                                   {product} {ergonomic}
   size_t MaxHeapSize                              = 2663383040                                {product} {ergonomic}
   size_t MinHeapDeltaBytes                        = 1048576                                   {product} {ergonomic}
   size_t MinHeapSize                              = 8388608                                   {product} {ergonomic}
    uintx NonNMethodCodeHeapSize                   = 5839372                                {pd product} {ergonomic}
    uintx NonProfiledCodeHeapSize                  = 122909434                              {pd product} {ergonomic}
    uintx ProfiledCodeHeapSize                     = 122909434                              {pd product} {ergonomic}
    uintx ReservedCodeCacheSize                    = 251658240                              {pd product} {ergonomic}
     bool SegmentedCodeCache                       = true                                      {product} {ergonomic}
   size_t SoftMaxHeapSize                          = 2663383040                             {manageable} {ergonomic}
     bool UseCompressedClassPointers               = true                                 {lp64_product} {ergonomic}
     bool UseCompressedOops                        = true                                 {lp64_product} {ergonomic}
     bool UseG1GC                                  = true                                      {product} {ergonomic}
     bool UseLargePagesIndividualAllocation        = false                                  {pd product} {ergonomic}

Logging:
Log output configuration:
 #0: stdout all=warning uptime,level,tags
 #1: stderr all=off uptime,level,tags

Environment Variables:
PATH=C:/Program Files/Java/jdk-14.0.1/bin/server;C:/Program Files/Java/jdk-14.0.1/bin;C:\WINDOWS\system32;C:\WINDOWS;C:\WINDOWS\System32\Wbem;C:\WINDOWS\System32\WindowsPowerShell\v1.0\;C:\WINDOWS\System32\OpenSSH\;C:\Users\Greg Mazo\AppData\Local\Microsoft\WindowsApps;C:\Users\Greg Mazo\AppData\Local\GitHubDesktop\bin;C:\Users\Greg Mazo\eclipse\java-2020-03\eclipse;
USERNAME=Greg Mazo
OS=Windows_NT
PROCESSOR_IDENTIFIER=AMD64 Family 23 Model 24 Stepping 1, AuthenticAMD



---------------  S Y S T E M  ---------------

OS: Windows 10 , 64 bit Build 19041 (10.0.19041.1889)
OS uptime: 0 days 22:33 hours

CPU:total 8 (initial active 8) (8 cores per cpu, 2 threads per core) family 23 model 24 stepping 1, cmov, cx8, fxsr, mmx, sse, sse2, sse3, ssse3, sse4.1, sse4.2, popcnt, avx, avx2, aes, clmul, mmxext, 3dnowpref, lzcnt, sse4a, ht, tsc, tscinvbit, tscinv, bmi1, bmi2, adx, sha, fma

Memory: 4k page, system-wide physical 10154M (1377M free)
TotalPageFile size 15813M (AvailPageFile size 70M)
current process WorkingSet (physical memory assigned to process): 10M, peak: 10M
current process commit charge ("private bytes"): 60M, peak: 220M

vm_info: Java HotSpot(TM) 64-Bit Server VM (14.0.1+7) for windows-amd64 JRE (14.0.1+7), built on Mar  5 2020 10:30:14 by "mach5one" with MS VC++ 15.9 (VS2017)

END.
